<?xml version="1.0" encoding="UTF-8"?>
<!-- Generated by org.testng.reporters.JUnitXMLReporter -->
<testsuite hostname="ELM-VJAMI" ignored="1" name="Default test" tests="1" failures="0" timestamp="10 Jul 2018 07:17:47 GMT" time="29.554" errors="0">
  <testcase name="addMemberToMatter" time="29.522" classname="selenium.samples.TestCases"/>
  <testcase name="createMatterTest" time="0.0" classname="selenium.samples.TestCases">
    <ignored/>
  </testcase> <!-- createMatterTest -->
</testsuite> <!-- Default test -->
